<?xml version="1.0" encoding="UTF-8"?>
<testsuite xmlns:xsi="http://www.w3.org/2001/XMLSchema-instance" xsi:noNamespaceSchemaLocation="https://maven.apache.org/surefire/maven-surefire-plugin/xsd/surefire-test-report-3.0.xsd" version="3.0" name="finsight.PortfolioManagerTest" time="2.235" tests="2" errors="0" skipped="0" failures="0">
  <properties>
[...]
</properties>
  <testcase name="testBuyStockSuccess" classname="finsight.PortfolioManagerTest" time="2.062">
    <system-err><![CDATA[Error fetching price for AAPL: JSONObject["Global Quote"] not found.
]]></system-err>
  </testcase>
  <testcase name="testBuyStockFailInsufficientBalance" classname="finsight.PortfolioManagerTest" time="0.008"/>
</testsuite>